mode: atomic
github.com/rdmnl/gomim/cmd/gomim/main.go:27.13,30.22 1 0
github.com/rdmnl/gomim/cmd/gomim/main.go:30.22,31.21 1 0
github.com/rdmnl/gomim/cmd/gomim/main.go:32.21,34.10 2 0
github.com/rdmnl/gomim/cmd/gomim/main.go:35.23,37.10 2 0
github.com/rdmnl/gomim/cmd/gomim/main.go:38.31,40.10 2 0
github.com/rdmnl/gomim/cmd/gomim/main.go:44.2,53.18 9 0
github.com/rdmnl/gomim/cmd/gomim/main.go:53.18,56.3 2 0
github.com/rdmnl/gomim/cmd/gomim/main.go:58.2,59.16 2 0
github.com/rdmnl/gomim/cmd/gomim/main.go:59.16,61.3 1 0
github.com/rdmnl/gomim/cmd/gomim/main.go:63.2,64.20 2 0
github.com/rdmnl/gomim/cmd/gomim/main.go:64.20,66.17 2 0
github.com/rdmnl/gomim/cmd/gomim/main.go:66.17,68.4 1 0
github.com/rdmnl/gomim/cmd/gomim/main.go:69.3,70.10 2 0
github.com/rdmnl/gomim/cmd/gomim/main.go:72.2,73.15 2 0
github.com/rdmnl/gomim/cmd/gomim/main.go:73.15,76.3 2 0
github.com/rdmnl/gomim/cmd/gomim/main.go:77.2,78.20 2 0
github.com/rdmnl/gomim/cmd/gomim/main.go:78.20,80.80 2 0
github.com/rdmnl/gomim/cmd/gomim/main.go:80.80,82.4 1 0
github.com/rdmnl/gomim/cmd/gomim/main.go:83.3,84.53 2 0
github.com/rdmnl/gomim/cmd/gomim/main.go:87.2,87.19 1 0
github.com/rdmnl/gomim/cmd/gomim/main.go:87.19,88.13 1 0
github.com/rdmnl/gomim/cmd/gomim/main.go:88.13,97.49 3 0
github.com/rdmnl/gomim/cmd/gomim/main.go:97.49,99.5 1 0
github.com/rdmnl/gomim/cmd/gomim/main.go:103.2,113.33 4 0
github.com/rdmnl/gomim/cmd/gomim/main.go:116.28,119.2 2 0
github.com/rdmnl/gomim/cmd/gomim/main.go:121.34,128.51 4 0
github.com/rdmnl/gomim/cmd/gomim/main.go:128.51,130.3 1 0
github.com/rdmnl/gomim/cmd/gomim/main.go:131.2,132.48 2 0
github.com/rdmnl/gomim/cmd/gomim/main.go:132.48,134.3 1 0
github.com/rdmnl/gomim/cmd/gomim/main.go:137.36,140.44 3 0
github.com/rdmnl/gomim/cmd/gomim/main.go:140.44,142.3 1 0
github.com/rdmnl/gomim/cmd/gomim/main.go:145.19,167.2 10 0
github.com/rdmnl/gomim/internal/catrust/catrust.go:19.35,20.43 1 2
github.com/rdmnl/gomim/internal/catrust/catrust.go:20.43,22.3 1 1
github.com/rdmnl/gomim/internal/catrust/catrust.go:23.2,23.14 1 1
github.com/rdmnl/gomim/internal/catrust/catrust.go:24.16,25.31 1 0
github.com/rdmnl/gomim/internal/catrust/catrust.go:26.15,27.30 1 0
github.com/rdmnl/gomim/internal/catrust/catrust.go:28.10,29.85 1 1
github.com/rdmnl/gomim/internal/catrust/catrust.go:34.24,35.14 1 1
github.com/rdmnl/gomim/internal/catrust/catrust.go:36.16,37.27 1 0
github.com/rdmnl/gomim/internal/catrust/catrust.go:38.15,39.26 1 0
github.com/rdmnl/gomim/internal/catrust/catrust.go:40.10,41.47 1 1
github.com/rdmnl/gomim/internal/catrust/catrust.go:47.41,53.34 6 0
github.com/rdmnl/gomim/internal/catrust/catrust.go:53.34,55.3 1 0
github.com/rdmnl/gomim/internal/catrust/catrust.go:56.2,57.12 2 0
github.com/rdmnl/gomim/internal/catrust/catrust.go:60.30,65.34 5 0
github.com/rdmnl/gomim/internal/catrust/catrust.go:65.34,67.3 1 0
github.com/rdmnl/gomim/internal/catrust/catrust.go:68.2,69.12 2 0
github.com/rdmnl/gomim/internal/catrust/catrust.go:104.46,105.41 1 5
github.com/rdmnl/gomim/internal/catrust/catrust.go:105.41,106.48 1 8
github.com/rdmnl/gomim/internal/catrust/catrust.go:106.48,107.12 1 4
github.com/rdmnl/gomim/internal/catrust/catrust.go:109.3,109.50 1 4
github.com/rdmnl/gomim/internal/catrust/catrust.go:109.50,110.12 1 1
github.com/rdmnl/gomim/internal/catrust/catrust.go:112.3,113.17 2 3
github.com/rdmnl/gomim/internal/catrust/catrust.go:115.2,115.191 1 2
github.com/rdmnl/gomim/internal/catrust/catrust.go:118.40,120.16 2 0
github.com/rdmnl/gomim/internal/catrust/catrust.go:120.16,122.3 1 0
github.com/rdmnl/gomim/internal/catrust/catrust.go:123.2,125.47 3 0
github.com/rdmnl/gomim/internal/catrust/catrust.go:125.47,127.3 1 0
github.com/rdmnl/gomim/internal/catrust/catrust.go:128.2,128.47 1 0
github.com/rdmnl/gomim/internal/catrust/catrust.go:128.47,130.3 1 0
github.com/rdmnl/gomim/internal/catrust/catrust.go:131.2,136.12 6 0
github.com/rdmnl/gomim/internal/catrust/catrust.go:139.29,141.16 2 0
github.com/rdmnl/gomim/internal/catrust/catrust.go:141.16,143.3 1 0
github.com/rdmnl/gomim/internal/catrust/catrust.go:144.2,146.50 3 0
github.com/rdmnl/gomim/internal/catrust/catrust.go:146.50,148.3 1 0
github.com/rdmnl/gomim/internal/catrust/catrust.go:149.2,149.47 1 0
github.com/rdmnl/gomim/internal/catrust/catrust.go:149.47,150.59 1 0
github.com/rdmnl/gomim/internal/catrust/catrust.go:150.59,152.4 1 0
github.com/rdmnl/gomim/internal/catrust/catrust.go:153.8,154.48 1 0
github.com/rdmnl/gomim/internal/catrust/catrust.go:154.48,156.4 1 0
github.com/rdmnl/gomim/internal/catrust/catrust.go:158.2,159.12 2 0
github.com/rdmnl/gomim/internal/catrust/catrust.go:164.49,166.23 2 0
github.com/rdmnl/gomim/internal/catrust/catrust.go:166.23,168.3 1 0
github.com/rdmnl/gomim/internal/catrust/catrust.go:169.2,173.34 5 0
github.com/rdmnl/gomim/internal/catrust/catrust.go:173.34,175.3 1 0
github.com/rdmnl/gomim/internal/catrust/catrust.go:176.2,176.12 1 0
github.com/rdmnl/gomim/internal/catrust/catrust.go:182.38,184.16 2 0
github.com/rdmnl/gomim/internal/catrust/catrust.go:184.16,186.3 1 0
github.com/rdmnl/gomim/internal/catrust/catrust.go:187.2,189.23 3 0
github.com/rdmnl/gomim/internal/catrust/catrust.go:189.23,191.3 1 0
github.com/rdmnl/gomim/internal/catrust/catrust.go:192.2,196.34 5 0
github.com/rdmnl/gomim/internal/catrust/catrust.go:196.34,198.3 1 0
github.com/rdmnl/gomim/internal/catrust/catrust.go:199.2,199.12 1 0
github.com/rdmnl/gomim/internal/ca/ca.go:30.39,32.2 1 1138
github.com/rdmnl/gomim/internal/ca/ca.go:37.34,38.35 1 1051
github.com/rdmnl/gomim/internal/ca/ca.go:38.35,40.3 1 2
github.com/rdmnl/gomim/internal/ca/ca.go:42.2,42.47 1 1049
github.com/rdmnl/gomim/internal/ca/ca.go:42.47,44.39 1 3
github.com/rdmnl/gomim/internal/ca/ca.go:44.39,46.4 1 2
github.com/rdmnl/gomim/internal/ca/ca.go:48.2,48.16 1 1049
github.com/rdmnl/gomim/internal/ca/ca.go:48.16,50.3 1 0
github.com/rdmnl/gomim/internal/ca/ca.go:51.2,51.25 1 1049
github.com/rdmnl/gomim/internal/ca/ca.go:51.25,52.29 1 16602
github.com/rdmnl/gomim/internal/ca/ca.go:52.29,54.4 1 4
github.com/rdmnl/gomim/internal/ca/ca.go:55.3,59.17 1 16598
github.com/rdmnl/gomim/internal/ca/ca.go:59.17,61.4 1 1
github.com/rdmnl/gomim/internal/ca/ca.go:63.2,63.13 1 1044
github.com/rdmnl/gomim/internal/ca/ca.go:83.44,84.48 1 3
github.com/rdmnl/gomim/internal/ca/ca.go:84.48,86.3 1 0
github.com/rdmnl/gomim/internal/ca/ca.go:87.2,90.53 3 3
github.com/rdmnl/gomim/internal/ca/ca.go:90.53,91.53 1 3
github.com/rdmnl/gomim/internal/ca/ca.go:91.53,93.4 1 0
github.com/rdmnl/gomim/internal/ca/ca.go:96.2,97.16 2 3
github.com/rdmnl/gomim/internal/ca/ca.go:97.16,99.3 1 0
github.com/rdmnl/gomim/internal/ca/ca.go:100.2,101.16 2 3
github.com/rdmnl/gomim/internal/ca/ca.go:101.16,103.3 1 0
github.com/rdmnl/gomim/internal/ca/ca.go:104.2,106.28 3 3
github.com/rdmnl/gomim/internal/ca/ca.go:106.28,108.3 1 0
github.com/rdmnl/gomim/internal/ca/ca.go:109.2,110.16 2 3
github.com/rdmnl/gomim/internal/ca/ca.go:110.16,112.3 1 0
github.com/rdmnl/gomim/internal/ca/ca.go:113.2,114.16 2 3
github.com/rdmnl/gomim/internal/ca/ca.go:114.16,116.3 1 0
github.com/rdmnl/gomim/internal/ca/ca.go:117.2,118.16 2 3
github.com/rdmnl/gomim/internal/ca/ca.go:118.16,120.3 1 0
github.com/rdmnl/gomim/internal/ca/ca.go:121.2,127.8 1 3
github.com/rdmnl/gomim/internal/ca/ca.go:130.47,132.16 2 3
github.com/rdmnl/gomim/internal/ca/ca.go:132.16,134.3 1 0
github.com/rdmnl/gomim/internal/ca/ca.go:135.2,136.16 2 3
github.com/rdmnl/gomim/internal/ca/ca.go:136.16,138.3 1 0
github.com/rdmnl/gomim/internal/ca/ca.go:139.2,153.16 3 3
github.com/rdmnl/gomim/internal/ca/ca.go:153.16,155.3 1 0
github.com/rdmnl/gomim/internal/ca/ca.go:156.2,156.70 1 3
github.com/rdmnl/gomim/internal/ca/ca.go:156.70,158.3 1 0
github.com/rdmnl/gomim/internal/ca/ca.go:159.2,160.16 2 3
github.com/rdmnl/gomim/internal/ca/ca.go:160.16,162.3 1 0
github.com/rdmnl/gomim/internal/ca/ca.go:163.2,163.55 1 3
github.com/rdmnl/gomim/internal/ca/ca.go:166.67,168.16 2 6
github.com/rdmnl/gomim/internal/ca/ca.go:168.16,170.3 1 0
github.com/rdmnl/gomim/internal/ca/ca.go:171.2,172.55 2 6
github.com/rdmnl/gomim/internal/ca/ca.go:176.61,177.22 1 1037
github.com/rdmnl/gomim/internal/ca/ca.go:177.22,179.3 1 1
github.com/rdmnl/gomim/internal/ca/ca.go:181.2,182.33 2 1036
github.com/rdmnl/gomim/internal/ca/ca.go:182.33,187.3 4 1
github.com/rdmnl/gomim/internal/ca/ca.go:188.2,191.16 3 1035
github.com/rdmnl/gomim/internal/ca/ca.go:191.16,193.3 1 0
github.com/rdmnl/gomim/internal/ca/ca.go:194.2,202.40 2 1035
github.com/rdmnl/gomim/internal/ca/ca.go:202.40,204.3 1 0
github.com/rdmnl/gomim/internal/ca/ca.go:204.8,206.3 1 1035
github.com/rdmnl/gomim/internal/ca/ca.go:207.2,208.16 2 1035
github.com/rdmnl/gomim/internal/ca/ca.go:208.16,210.3 1 0
github.com/rdmnl/gomim/internal/ca/ca.go:211.2,217.33 3 1035
github.com/rdmnl/gomim/internal/ca/ca.go:217.33,223.3 4 0
github.com/rdmnl/gomim/internal/ca/ca.go:224.2,226.36 3 1035
github.com/rdmnl/gomim/internal/ca/ca.go:226.36,228.17 2 10
github.com/rdmnl/gomim/internal/ca/ca.go:228.17,229.9 1 0
github.com/rdmnl/gomim/internal/ca/ca.go:231.3,232.48 2 10
github.com/rdmnl/gomim/internal/ca/ca.go:234.2,235.18 2 1035
github.com/rdmnl/gomim/internal/logger/log.go:43.33,44.16 1 4
github.com/rdmnl/gomim/internal/logger/log.go:44.16,46.3 1 0
github.com/rdmnl/gomim/internal/logger/log.go:47.2,51.3 1 4
github.com/rdmnl/gomim/internal/logger/log.go:56.37,60.2 3 1
github.com/rdmnl/gomim/internal/logger/log.go:65.61,68.42 3 35
github.com/rdmnl/gomim/internal/logger/log.go:68.42,71.3 2 1
github.com/rdmnl/gomim/internal/logger/log.go:72.2,75.19 4 34
github.com/rdmnl/gomim/internal/logger/log.go:75.19,76.18 1 34
github.com/rdmnl/gomim/internal/logger/log.go:76.18,81.4 4 34
github.com/rdmnl/gomim/internal/logger/log.go:83.2,83.24 1 34
github.com/rdmnl/gomim/internal/logger/log.go:101.60,103.22 2 2
github.com/rdmnl/gomim/internal/logger/log.go:103.22,104.18 1 5
github.com/rdmnl/gomim/internal/logger/log.go:104.18,105.12 1 0
github.com/rdmnl/gomim/internal/logger/log.go:107.3,107.13 1 5
github.com/rdmnl/gomim/internal/logger/log.go:107.13,108.54 1 4
github.com/rdmnl/gomim/internal/logger/log.go:108.54,110.13 2 3
github.com/rdmnl/gomim/internal/logger/log.go:113.3,113.14 1 2
github.com/rdmnl/gomim/internal/logger/log.go:115.2,115.10 1 2
github.com/rdmnl/gomim/internal/logger/log.go:118.34,124.32 6 3
github.com/rdmnl/gomim/internal/logger/log.go:124.32,125.10 1 1
github.com/rdmnl/gomim/internal/logger/log.go:126.19,126.19 0 1
github.com/rdmnl/gomim/internal/logger/log.go:127.11,127.11 0 0
github.com/rdmnl/gomim/internal/logger/log.go:131.2,131.15 1 3
github.com/rdmnl/gomim/internal/logger/log.go:143.48,145.11 2 12
github.com/rdmnl/gomim/internal/logger/log.go:145.11,147.20 2 9
github.com/rdmnl/gomim/internal/logger/log.go:147.20,149.21 2 8
github.com/rdmnl/gomim/internal/logger/log.go:149.21,152.5 2 0
github.com/rdmnl/gomim/internal/logger/log.go:153.4,153.22 1 8
github.com/rdmnl/gomim/internal/logger/log.go:154.9,154.19 1 1
github.com/rdmnl/gomim/internal/logger/log.go:154.19,156.4 1 1
github.com/rdmnl/gomim/internal/logger/log.go:158.2,158.15 1 12
github.com/rdmnl/gomim/internal/logger/log.go:161.39,163.2 1 3
github.com/rdmnl/gomim/internal/logger/log.go:167.58,171.2 3 2
github.com/rdmnl/gomim/internal/logger/log.go:173.68,186.2 4 2
github.com/rdmnl/gomim/internal/logger/log.go:188.61,192.2 3 0
github.com/rdmnl/gomim/internal/logger/log.go:194.88,208.2 4 0
github.com/rdmnl/gomim/internal/proxy/proxy.go:34.45,47.2 1 2
github.com/rdmnl/gomim/internal/proxy/proxy.go:49.67,50.36 1 2
github.com/rdmnl/gomim/internal/proxy/proxy.go:50.36,53.3 2 1
github.com/rdmnl/gomim/internal/proxy/proxy.go:54.2,54.20 1 1
github.com/rdmnl/gomim/internal/proxy/proxy.go:58.68,59.20 1 1
github.com/rdmnl/gomim/internal/proxy/proxy.go:59.20,60.23 1 1
github.com/rdmnl/gomim/internal/proxy/proxy.go:60.23,63.4 2 0
github.com/rdmnl/gomim/internal/proxy/proxy.go:65.3,67.26 3 1
github.com/rdmnl/gomim/internal/proxy/proxy.go:69.2,69.17 1 1
github.com/rdmnl/gomim/internal/proxy/proxy.go:73.71,75.16 2 1
github.com/rdmnl/gomim/internal/proxy/proxy.go:75.16,77.3 1 0
github.com/rdmnl/gomim/internal/proxy/proxy.go:79.2,80.9 2 1
github.com/rdmnl/gomim/internal/proxy/proxy.go:80.9,83.3 2 0
github.com/rdmnl/gomim/internal/proxy/proxy.go:84.2,85.16 2 1
github.com/rdmnl/gomim/internal/proxy/proxy.go:85.16,88.3 2 0
github.com/rdmnl/gomim/internal/proxy/proxy.go:89.2,91.79 2 1
github.com/rdmnl/gomim/internal/proxy/proxy.go:91.79,93.3 1 0
github.com/rdmnl/gomim/internal/proxy/proxy.go:95.2,96.78 1 1
github.com/rdmnl/gomim/internal/proxy/proxy.go:96.78,98.18 2 1
github.com/rdmnl/gomim/internal/proxy/proxy.go:98.18,100.5 1 1
github.com/rdmnl/gomim/internal/proxy/proxy.go:101.4,101.29 1 1
github.com/rdmnl/gomim/internal/proxy/proxy.go:106.2,111.56 4 1
github.com/rdmnl/gomim/internal/proxy/proxy.go:111.56,114.3 2 0
github.com/rdmnl/gomim/internal/proxy/proxy.go:115.2,120.76 2 1
github.com/rdmnl/gomim/internal/proxy/proxy.go:120.76,125.4 4 1
github.com/rdmnl/gomim/internal/proxy/proxy.go:131.2,131.68 1 1
github.com/rdmnl/gomim/internal/proxy/proxy.go:131.68,134.3 2 0
github.com/rdmnl/gomim/internal/proxy/proxy.go:137.2,138.38 2 1
github.com/rdmnl/gomim/internal/proxy/proxy.go:138.38,141.3 2 0
github.com/rdmnl/gomim/internal/proxy/proxy.go:146.2,148.12 3 1
github.com/rdmnl/gomim/internal/proxy/proxy.go:151.67,161.16 7 2
github.com/rdmnl/gomim/internal/proxy/proxy.go:161.16,164.3 2 0
github.com/rdmnl/gomim/internal/proxy/proxy.go:165.2,171.33 5 2
github.com/rdmnl/gomim/internal/proxy/proxy.go:171.33,172.24 1 7
github.com/rdmnl/gomim/internal/proxy/proxy.go:172.24,174.4 1 7
github.com/rdmnl/gomim/internal/proxy/proxy.go:176.2,179.35 3 2
github.com/rdmnl/gomim/internal/proxy/proxy.go:179.35,182.7 2 2
github.com/rdmnl/gomim/internal/proxy/proxy.go:182.7,184.13 2 2
github.com/rdmnl/gomim/internal/proxy/proxy.go:184.13,185.49 1 2
github.com/rdmnl/gomim/internal/proxy/proxy.go:185.49,186.11 1 0
github.com/rdmnl/gomim/internal/proxy/proxy.go:188.5,188.14 1 2
github.com/rdmnl/gomim/internal/proxy/proxy.go:190.4,190.19 1 2
github.com/rdmnl/gomim/internal/proxy/proxy.go:190.19,191.10 1 2
github.com/rdmnl/gomim/internal/proxy/proxy.go:194.8,196.3 1 0
github.com/rdmnl/gomim/internal/proxy/proxy.go:197.2,197.49 1 2
github.com/rdmnl/gomim/internal/proxy/proxy.go:206.38,207.31 1 4
github.com/rdmnl/gomim/internal/proxy/proxy.go:207.31,209.3 1 36
github.com/rdmnl/gomim/internal/proxy/proxy.go:210.2,210.39 1 4
github.com/rdmnl/gomim/internal/proxy/proxy.go:210.39,211.43 1 0
github.com/rdmnl/gomim/internal/proxy/proxy.go:211.43,213.4 1 0
github.com/rdmnl/gomim/internal/proxy/proxy.go:229.60,239.2 3 1
github.com/rdmnl/gomim/internal/proxy/proxy.go:241.57,242.9 1 2
github.com/rdmnl/gomim/internal/proxy/proxy.go:243.19,244.16 1 1
github.com/rdmnl/gomim/internal/proxy/proxy.go:245.16,246.21 1 0
github.com/rdmnl/gomim/internal/proxy/proxy.go:250.44,251.19 1 0
github.com/rdmnl/gomim/internal/proxy/proxy.go:251.19,251.36 1 0
github.com/rdmnl/gomim/internal/proxy/proxy.go:252.2,252.12 1 0
github.com/rdmnl/gomim/internal/proxy/proxy.go:255.46,255.63 1 0
github.com/rdmnl/gomim/internal/proxy/proxy.go:263.41,265.19 2 0
github.com/rdmnl/gomim/internal/proxy/proxy.go:265.19,265.34 1 0
github.com/rdmnl/gomim/internal/proxy/proxy.go:266.2,266.12 1 0
github.com/rdmnl/gomim/internal/ui/ui.go:23.65,25.67 2 0
github.com/rdmnl/gomim/internal/ui/ui.go:25.67,26.24 1 0
github.com/rdmnl/gomim/internal/ui/ui.go:26.24,29.4 2 0
github.com/rdmnl/gomim/internal/ui/ui.go:30.3,32.21 3 0
github.com/rdmnl/gomim/internal/ui/ui.go:34.2,34.73 1 0
github.com/rdmnl/gomim/internal/ui/ui.go:34.73,35.36 1 0
github.com/rdmnl/gomim/internal/ui/ui.go:35.36,38.4 2 0
github.com/rdmnl/gomim/internal/ui/ui.go:39.3,40.10 2 0
github.com/rdmnl/gomim/internal/ui/ui.go:40.10,43.4 2 0
github.com/rdmnl/gomim/internal/ui/ui.go:44.3,51.17 7 0
github.com/rdmnl/gomim/internal/ui/ui.go:51.17,54.4 2 0
github.com/rdmnl/gomim/internal/ui/ui.go:55.3,58.7 3 0
github.com/rdmnl/gomim/internal/ui/ui.go:58.7,59.11 1 0
github.com/rdmnl/gomim/internal/ui/ui.go:60.22,61.11 1 0
github.com/rdmnl/gomim/internal/ui/ui.go:62.26,63.12 1 0
github.com/rdmnl/gomim/internal/ui/ui.go:63.12,65.6 1 0
github.com/rdmnl/gomim/internal/ui/ui.go:66.5,67.51 2 0
github.com/rdmnl/gomim/internal/ui/ui.go:67.51,69.6 1 0
github.com/rdmnl/gomim/internal/ui/ui.go:70.5,72.20 3 0
github.com/rdmnl/gomim/internal/ui/ui.go:76.2,76.12 1 0
github.com/rdmnl/gomim/internal/ui/ui.go:86.61,88.18 2 8
github.com/rdmnl/gomim/internal/ui/ui.go:88.18,90.3 1 1
github.com/rdmnl/gomim/internal/ui/ui.go:91.2,92.32 2 7
github.com/rdmnl/gomim/internal/ui/ui.go:92.32,94.3 1 1
github.com/rdmnl/gomim/internal/ui/ui.go:95.2,96.25 2 6
github.com/rdmnl/gomim/internal/ui/ui.go:96.25,98.3 1 1
github.com/rdmnl/gomim/internal/ui/ui.go:99.2,100.34 2 5
github.com/rdmnl/gomim/internal/ui/ui.go:100.34,102.3 1 2
github.com/rdmnl/gomim/internal/ui/ui.go:106.2,106.61 1 3
github.com/rdmnl/gomim/internal/ui/ui.go:106.61,107.34 1 3
github.com/rdmnl/gomim/internal/ui/ui.go:107.34,109.4 1 1
github.com/rdmnl/gomim/internal/ui/ui.go:111.2,111.14 1 2
